<?xml version="1.0" encoding="UTF-8"?>
<testng-results skipped="1" failed="0" ignored="0" total="2" passed="1">
  <reporter-output>
  </reporter-output>
  <suite name="Default suite" duration-ms="15602" started-at="2019-06-04T20:45:14Z" finished-at="2019-06-04T20:45:29Z">
    <groups>
    </groups>
    <test name="Default test" duration-ms="15602" started-at="2019-06-04T20:45:14Z" finished-at="2019-06-04T20:45:29Z">
      <class name="FreeCRMTest">
        <test-method status="PASS" signature="setExtent()[pri:0, instance:FreeCRMTest@29774679]" name="setExtent" is-config="true" duration-ms="708" started-at="2019-06-04T20:45:14Z" finished-at="2019-06-04T20:45:15Z">
          <reporter-output>
          </reporter-output>
        </test-method> <!-- setExtent -->
        <test-method status="PASS" signature="setup()[pri:0, instance:FreeCRMTest@29774679]" name="setup" is-config="true" duration-ms="13976" started-at="2019-06-04T20:45:15Z" finished-at="2019-06-04T20:45:29Z">
          <reporter-output>
          </reporter-output>
        </test-method> <!-- setup -->
        <test-method status="PASS" signature="freeCRMLogoTest()[pri:0, instance:FreeCRMTest@29774679]" name="freeCRMLogoTest" duration-ms="672" started-at="2019-06-04T20:45:29Z" finished-at="2019-06-04T20:45:29Z">
          <reporter-output>
          </reporter-output>
        </test-method> <!-- freeCRMLogoTest -->
        <test-method status="FAIL" signature="tearDown(org.testng.ITestResult)[pri:0, instance:FreeCRMTest@29774679]" name="tearDown" is-config="true" duration-ms="24" started-at="2019-06-04T20:45:29Z" finished-at="2019-06-04T20:45:29Z">
          <params>
            <param index="0">
              <value>
                <![CDATA[[TestResult name=freeCRMLogoTest status=SUCCESS method=FreeCRMTest.freeCRMLogoTest()[pri:0, instance:FreeCRMTest@29774679] output={null}]]]>
              </value>
            </param>
          </params>
          <exception class="java.lang.NullPointerException">
            <full-stacktrace>
              <![CDATA[java.lang.NullPointerException
at FreeCRMTest.tearDown(FreeCRMTest.java:103)
at sun.reflect.NativeMethodAccessorImpl.invoke0(Native Method)
at sun.reflect.NativeMethodAccessorImpl.invoke(Unknown Source)
at sun.reflect.DelegatingMethodAccessorImpl.invoke(Unknown Source)
at java.lang.reflect.Method.invoke(Unknown Source)
at org.testng.internal.MethodInvocationHelper.invokeMethod(MethodInvocationHelper.java:124)
at org.testng.internal.MethodInvocationHelper.invokeMethodConsideringTimeout(MethodInvocationHelper.java:59)
at org.testng.internal.Invoker.invokeConfigurationMethod(Invoker.java:458)
at org.testng.internal.Invoker.invokeConfigurations(Invoker.java:222)
at org.testng.internal.Invoker.invokeMethod(Invoker.java:646)
at org.testng.internal.Invoker.invokeTestMethod(Invoker.java:719)
at org.testng.internal.Invoker.invokeTestMethods(Invoker.java:989)
at org.testng.internal.TestMethodWorker.invokeTestMethods(TestMethodWorker.java:125)
at org.testng.internal.TestMethodWorker.run(TestMethodWorker.java:109)
at org.testng.TestRunner.privateRun(TestRunner.java:648)
at org.testng.TestRunner.run(TestRunner.java:505)
at org.testng.SuiteRunner.runTest(SuiteRunner.java:455)
at org.testng.SuiteRunner.runSequentially(SuiteRunner.java:450)
at org.testng.SuiteRunner.privateRun(SuiteRunner.java:415)
at org.testng.SuiteRunner.run(SuiteRunner.java:364)
at org.testng.SuiteRunnerWorker.runSuite(SuiteRunnerWorker.java:52)
at org.testng.SuiteRunnerWorker.run(SuiteRunnerWorker.java:84)
at org.testng.TestNG.runSuitesSequentially(TestNG.java:1208)
at org.testng.TestNG.runSuitesLocally(TestNG.java:1137)
at org.testng.TestNG.runSuites(TestNG.java:1049)
at org.testng.TestNG.run(TestNG.java:1017)
at org.testng.remote.AbstractRemoteTestNG.run(AbstractRemoteTestNG.java:115)
at org.testng.remote.RemoteTestNG.initAndRun(RemoteTestNG.java:251)
at org.testng.remote.RemoteTestNG.main(RemoteTestNG.java:77)
]]>
            </full-stacktrace>
          </exception> <!-- java.lang.NullPointerException -->
          <reporter-output>
          </reporter-output>
        </test-method> <!-- tearDown -->
        <test-method status="SKIP" signature="setup()[pri:0, instance:FreeCRMTest@29774679]" name="setup" is-config="true" duration-ms="0" started-at="2019-06-04T20:45:29Z" finished-at="2019-06-04T20:45:29Z">
          <reporter-output>
          </reporter-output>
        </test-method> <!-- setup -->
        <test-method status="SKIP" signature="freeCRMTitleTest()[pri:0, instance:FreeCRMTest@29774679]" name="freeCRMTitleTest" duration-ms="0" started-at="2019-06-04T20:45:29Z" finished-at="2019-06-04T20:45:29Z">
          <exception class="java.lang.NullPointerException">
            <full-stacktrace>
              <![CDATA[java.lang.NullPointerException
at FreeCRMTest.tearDown(FreeCRMTest.java:103)
at sun.reflect.NativeMethodAccessorImpl.invoke0(Native Method)
at sun.reflect.NativeMethodAccessorImpl.invoke(Unknown Source)
at sun.reflect.DelegatingMethodAccessorImpl.invoke(Unknown Source)
at java.lang.reflect.Method.invoke(Unknown Source)
at org.testng.internal.MethodInvocationHelper.invokeMethod(MethodInvocationHelper.java:124)
at org.testng.internal.MethodInvocationHelper.invokeMethodConsideringTimeout(MethodInvocationHelper.java:59)
at org.testng.internal.Invoker.invokeConfigurationMethod(Invoker.java:458)
at org.testng.internal.Invoker.invokeConfigurations(Invoker.java:222)
at org.testng.internal.Invoker.invokeMethod(Invoker.java:646)
at org.testng.internal.Invoker.invokeTestMethod(Invoker.java:719)
at org.testng.internal.Invoker.invokeTestMethods(Invoker.java:989)
at org.testng.internal.TestMethodWorker.invokeTestMethods(TestMethodWorker.java:125)
at org.testng.internal.TestMethodWorker.run(TestMethodWorker.java:109)
at org.testng.TestRunner.privateRun(TestRunner.java:648)
at org.testng.TestRunner.run(TestRunner.java:505)
at org.testng.SuiteRunner.runTest(SuiteRunner.java:455)
at org.testng.SuiteRunner.runSequentially(SuiteRunner.java:450)
at org.testng.SuiteRunner.privateRun(SuiteRunner.java:415)
at org.testng.SuiteRunner.run(SuiteRunner.java:364)
at org.testng.SuiteRunnerWorker.runSuite(SuiteRunnerWorker.java:52)
at org.testng.SuiteRunnerWorker.run(SuiteRunnerWorker.java:84)
at org.testng.TestNG.runSuitesSequentially(TestNG.java:1208)
at org.testng.TestNG.runSuitesLocally(TestNG.java:1137)
at org.testng.TestNG.runSuites(TestNG.java:1049)
at org.testng.TestNG.run(TestNG.java:1017)
at org.testng.remote.AbstractRemoteTestNG.run(AbstractRemoteTestNG.java:115)
at org.testng.remote.RemoteTestNG.initAndRun(RemoteTestNG.java:251)
at org.testng.remote.RemoteTestNG.main(RemoteTestNG.java:77)
]]>
            </full-stacktrace>
          </exception> <!-- java.lang.NullPointerException -->
          <reporter-output>
          </reporter-output>
        </test-method> <!-- freeCRMTitleTest -->
        <test-method status="SKIP" signature="tearDown(org.testng.ITestResult)[pri:0, instance:FreeCRMTest@29774679]" name="tearDown" is-config="true" duration-ms="0" started-at="2019-06-04T20:45:29Z" finished-at="2019-06-04T20:45:29Z">
          <reporter-output>
          </reporter-output>
        </test-method> <!-- tearDown -->
        <test-method status="SKIP" signature="endReport()[pri:0, instance:FreeCRMTest@29774679]" name="endReport" is-config="true" duration-ms="0" started-at="2019-06-04T20:45:29Z" finished-at="2019-06-04T20:45:29Z">
          <reporter-output>
          </reporter-output>
        </test-method> <!-- endReport -->
      </class> <!-- FreeCRMTest -->
    </test> <!-- Default test -->
  </suite> <!-- Default suite -->
</testng-results>
